Clic sur le bouton Lancer Recherche
Lecture pour le groupe g2202
(47205) g2202  (attend 6 secondes)
---6---
Clic sur le bouton Lancer Recherche
Lecture pour le groupe g2202
(47208) g2202  (attend 6 secondes)
---6---
Clic sur le bouton Vider
Clic sur le bouton Vider
Clic sur le bouton Vider
Clic sur le bouton Vider
Clic sur le bouton Lancer Recherche
Lecture pour le groupe 10
(47214) 10  (attend 0 secondes)
---0---
Clic sur le bouton Lancer Recherche
Lecture pour le groupe g2202
(47216) g2202  (attend 6 secondes)
---6---
Clic sur le bouton Lancer Recherche
Lecture pour le groupe g2202
(47218) g2202  (attend 6 secondes)
---6---
